<?xml version="1.0" encoding="UTF-8"?>
<!-- Generated by org.testng.reporters.JUnitReportReporter -->
<testsuite hostname="L-INE-5WQCQG3" failures="0" tests="2" name="com.JPetStore.JPetStore.LoginJPetStore" time="1.819" errors="0" timestamp="2024-01-24T12:06:45 IST" skipped="0">
  <testcase classname="com.JPetStore.JPetStore.LoginJPetStore" name="logout" time="0.606"/>
  <testcase classname="com.JPetStore.JPetStore.LoginJPetStore" name="login" time="1.213"/>
</testsuite> <!-- com.JPetStore.JPetStore.LoginJPetStore -->
