<?xml version="1.0" encoding="UTF-8"?>
<!-- Generated by org.testng.reporters.JUnitReportReporter -->
<testsuite hostname="L-INE-5WQCQG3" failures="0" tests="2" name="com.JPetStore.JPetStore.LoginJPetStore" time="4.028" errors="0" timestamp="2024-01-25T14:34:16 IST" skipped="0">
  <testcase classname="com.JPetStore.JPetStore.LoginJPetStore" name="logout" time="2.843"/>
  <testcase classname="com.JPetStore.JPetStore.LoginJPetStore" name="login" time="1.185"/>
</testsuite> <!-- com.JPetStore.JPetStore.LoginJPetStore -->
